27/04/2017 01:15:27 devpinoyLogger Loading the config properties file
27/04/2017 01:15:27 devpinoyLogger Loading the object properties file
27/04/2017 01:15:27 devpinoyLogger Loading the validation properties file
27/04/2017 01:15:27 devpinoyLogger Loading the excel file
27/04/2017 01:15:55 devpinoyLogger Executing valFirstName Test
27/04/2017 01:16:00 devpinoyLogger Executing valFirstName Test
27/04/2017 01:16:04 devpinoyLogger Executing valFirstName Test
27/04/2017 01:16:08 devpinoyLogger Executing valFirstName Test
27/04/2017 01:16:12 devpinoyLogger Executing valFirstName Test
27/04/2017 01:16:16 devpinoyLogger Executing valFirstName Test
27/04/2017 01:16:19 devpinoyLogger Executing valFirstName Test
27/04/2017 01:16:24 devpinoyLogger Executing valFirstName Test
27/04/2017 01:16:27 devpinoyLogger Executing valLastName Test
27/04/2017 01:16:32 devpinoyLogger Executing valFirstName Test
27/04/2017 01:16:34 devpinoyLogger Executing valFirstName Test
27/04/2017 01:16:37 devpinoyLogger Executing valFirstName Test
27/04/2017 01:16:39 devpinoyLogger Executing valFirstName Test
27/04/2017 01:16:41 devpinoyLogger Executing valFirstName Test
27/04/2017 01:16:44 devpinoyLogger Executing valFirstName Test
27/04/2017 01:16:47 devpinoyLogger Executing valFirstName Test
27/04/2017 01:16:49 devpinoyLogger Executing valLastName Test
27/04/2017 01:16:51 devpinoyLogger Executing valLastName Test
27/04/2017 01:16:54 devpinoyLogger Executing valLastName Test
27/04/2017 01:16:56 devpinoyLogger Executing valLastName Test
27/04/2017 01:16:59 devpinoyLogger Executing valLastName Test
27/04/2017 01:17:02 devpinoyLogger Executing valLastName Test
27/04/2017 01:17:05 devpinoyLogger Executing valLastName Test
27/04/2017 01:17:08 devpinoyLogger Executing valPhone Test
27/04/2017 01:17:10 devpinoyLogger Executing valPhone Test
27/04/2017 01:17:13 devpinoyLogger Executing valPhone Test
27/04/2017 01:17:15 devpinoyLogger Executing valPhone Test
27/04/2017 01:17:18 devpinoyLogger Executing valPhone Test
27/04/2017 01:17:20 devpinoyLogger Executing valPhone Test
27/04/2017 01:17:23 devpinoyLogger Executing valPhone Test
27/04/2017 01:17:25 devpinoyLogger Executing valPhone Test
27/04/2017 01:17:28 devpinoyLogger Executing valPhone Test
27/04/2017 01:17:30 devpinoyLogger Executing valPhone Test
27/04/2017 01:17:32 devpinoyLogger Executing valPhone Test
27/04/2017 01:17:35 devpinoyLogger Executing valFirstName Test
27/04/2017 01:17:42 devpinoyLogger Executing valFirstName Test
27/04/2017 01:17:45 devpinoyLogger Executing valFirstName Test
27/04/2017 01:17:47 devpinoyLogger Executing valFirstName Test
